<?xml version="1.0" encoding="UTF-8"?>
<robot generator="Robot 6.1.1 (Python 3.9.7 on win32)" generated="20231226 14:11:28.279" rpa="false" schemaversion="4">
<suite id="s1" name="Homepage" source="d:\Dev_Progs\irctc_projecct_robot\testcases\homepage.robot">
<kw name="Initialise the browser" library="basetest" type="SETUP">
<kw name="Launch browser" library="basetest">
<kw name="Evaluate" library="BuiltIn">
<var>${chrome_options}</var>
<arg>sys.modules['selenium.webdriver'].ChromeOptions()</arg>
<arg>sys, selenium.webdriver</arg>
<doc>Evaluates the given expression in Python and returns the result.</doc>
<msg timestamp="20231226 14:11:29.482" level="INFO">${chrome_options} = &lt;selenium.webdriver.chrome.options.Options object at 0x000001B4B9D2C430&gt;</msg>
<status status="PASS" starttime="20231226 14:11:29.481" endtime="20231226 14:11:29.482"/>
</kw>
<kw name="Call Method" library="BuiltIn">
<arg>${chrome_options}</arg>
<arg>add_argument</arg>
<arg>--no-sandbox</arg>
<doc>Calls the named method of the given object with the provided arguments.</doc>
<status status="PASS" starttime="20231226 14:11:29.483" endtime="20231226 14:11:29.483"/>
</kw>
<kw name="Call Method" library="BuiltIn">
<arg>${chrome_options}</arg>
<arg>add_argument</arg>
<arg>--disable-dev-shm-usage</arg>
<doc>Calls the named method of the given object with the provided arguments.</doc>
<status status="PASS" starttime="20231226 14:11:29.483" endtime="20231226 14:11:29.483"/>
</kw>
<kw name="Call Method" library="BuiltIn">
<arg>${chrome_options}</arg>
<arg>add_argument</arg>
<arg>--disable-extensions</arg>
<doc>Calls the named method of the given object with the provided arguments.</doc>
<status status="PASS" starttime="20231226 14:11:29.484" endtime="20231226 14:11:29.484"/>
</kw>
<kw name="Call Method" library="BuiltIn">
<arg>${chrome_options}</arg>
<arg>add_argument</arg>
<arg>--disable-gpu</arg>
<doc>Calls the named method of the given object with the provided arguments.</doc>
<status status="PASS" starttime="20231226 14:11:29.485" endtime="20231226 14:11:29.486"/>
</kw>
<kw name="Call Method" library="BuiltIn">
<arg>${chrome_options}</arg>
<arg>add_argument</arg>
<arg>--disable-popup-blocking</arg>
<doc>Calls the named method of the given object with the provided arguments.</doc>
<status status="PASS" starttime="20231226 14:11:29.486" endtime="20231226 14:11:29.486"/>
</kw>
<kw name="Call Method" library="BuiltIn">
<arg>${chrome_options}</arg>
<arg>add_argument</arg>
<arg>--dns-prefetch-disable</arg>
<doc>Calls the named method of the given object with the provided arguments.</doc>
<status status="PASS" starttime="20231226 14:11:29.486" endtime="20231226 14:11:29.495"/>
</kw>
<kw name="Call Method" library="BuiltIn">
<arg>${chrome_options}</arg>
<arg>add_argument</arg>
<arg>window-size\=1920,1080</arg>
<doc>Calls the named method of the given object with the provided arguments.</doc>
<status status="PASS" starttime="20231226 14:11:29.495" endtime="20231226 14:11:29.496"/>
</kw>
<kw name="Call Method" library="BuiltIn">
<arg>${chrome_options}</arg>
<arg>add_argument</arg>
<arg>--disable-blink-features\=AutomationControlled</arg>
<doc>Calls the named method of the given object with the provided arguments.</doc>
<status status="PASS" starttime="20231226 14:11:29.496" endtime="20231226 14:11:29.496"/>
</kw>
<kw name="Call Method" library="BuiltIn">
<arg>${chrome_options}</arg>
<arg>add_argument</arg>
<arg>--disable-blink-features</arg>
<doc>Calls the named method of the given object with the provided arguments.</doc>
<status status="PASS" starttime="20231226 14:11:29.496" endtime="20231226 14:11:29.497"/>
</kw>
<kw name="Call Method" library="BuiltIn">
<arg>${chrome_options}</arg>
<arg>add_argument</arg>
<arg>--disable-infobars</arg>
<doc>Calls the named method of the given object with the provided arguments.</doc>
<status status="PASS" starttime="20231226 14:11:29.497" endtime="20231226 14:11:29.497"/>
</kw>
<kw name="Call Method" library="BuiltIn">
<arg>${chrome_options}</arg>
<arg>add_experimental_option</arg>
<arg>useAutomationExtension</arg>
<arg>${False}</arg>
<doc>Calls the named method of the given object with the provided arguments.</doc>
<status status="PASS" starttime="20231226 14:11:29.497" endtime="20231226 14:11:29.498"/>
</kw>
<kw name="Create Dictionary" library="BuiltIn">
<var>${prefs}</var>
<arg>credentials_enable_service=${FALSE}</arg>
<arg>profile.password_manager_enabled=${False}</arg>
<doc>Creates and returns a dictionary based on the given ``items``.</doc>
<msg timestamp="20231226 14:11:29.498" level="INFO">${prefs} = {'credentials_enable_service': False, 'profile.password_manager_enabled': False}</msg>
<status status="PASS" starttime="20231226 14:11:29.498" endtime="20231226 14:11:29.498"/>
</kw>
<kw name="Call Method" library="BuiltIn">
<arg>${chrome_options}</arg>
<arg>add_experimental_option</arg>
<arg>prefs</arg>
<arg>${prefs}</arg>
<doc>Calls the named method of the given object with the provided arguments.</doc>
<status status="PASS" starttime="20231226 14:11:29.499" endtime="20231226 14:11:29.499"/>
</kw>
<kw name="Set Variable" library="BuiltIn">
<var>${userAgent}</var>
<arg>--user-agent="Mozilla/5.0 (Windows NT 10.0; Win64; x64) AppleWebKit/537.36 (KHTML, like Gecko) Chrome/114.0.0.0 Safari/537.36"</arg>
<doc>Returns the given values which can then be assigned to a variables.</doc>
<msg timestamp="20231226 14:11:29.502" level="INFO">${userAgent} = --user-agent="Mozilla/5.0 (Windows NT 10.0; Win64; x64) AppleWebKit/537.36 (KHTML, like Gecko) Chrome/114.0.0.0 Safari/537.36"</msg>
<status status="PASS" starttime="20231226 14:11:29.500" endtime="20231226 14:11:29.502"/>
</kw>
<kw name="Call Method" library="BuiltIn">
<arg>${chrome_options}</arg>
<arg>add_argument</arg>
<arg>${userAgent}</arg>
<doc>Calls the named method of the given object with the provided arguments.</doc>
<status status="PASS" starttime="20231226 14:11:29.505" endtime="20231226 14:11:29.505"/>
</kw>
<kw name="Create List" library="BuiltIn">
<var>${excluded}</var>
<arg>enable-automation</arg>
<arg>enable-logging</arg>
<doc>Returns a list containing given items.</doc>
<msg timestamp="20231226 14:11:29.509" level="INFO">${excluded} = ['enable-automation', 'enable-logging']</msg>
<status status="PASS" starttime="20231226 14:11:29.505" endtime="20231226 14:11:29.509"/>
</kw>
<kw name="Call Method" library="BuiltIn">
<arg>${chrome_options}</arg>
<arg>add_experimental_option</arg>
<arg>excludeSwitches</arg>
<arg>${excluded}</arg>
<doc>Calls the named method of the given object with the provided arguments.</doc>
<status status="PASS" starttime="20231226 14:11:29.509" endtime="20231226 14:11:29.509"/>
</kw>
<kw name="Create Webdriver" library="SeleniumLibrary">
<arg>driver_name=Chrome</arg>
<arg>options=${chrome_options}</arg>
<doc>Creates an instance of Selenium WebDriver.</doc>
<msg timestamp="20231226 14:11:29.509" level="INFO">Creating an instance of the Chrome WebDriver.</msg>
<status status="PASS" starttime="20231226 14:11:29.509" endtime="20231226 14:11:31.475"/>
</kw>
<kw name="Set Global Variable" library="BuiltIn">
<arg>${chrome_options}</arg>
<doc>Makes a variable available globally in all tests and suites.</doc>
<msg timestamp="20231226 14:11:31.477" level="INFO">${chrome_options} = &lt;selenium.webdriver.chrome.options.Options object at 0x000001B4B9D2C430&gt;</msg>
<status status="PASS" starttime="20231226 14:11:31.477" endtime="20231226 14:11:31.479"/>
</kw>
<kw name="Maximize Browser Window" library="SeleniumLibrary">
<doc>Maximizes current browser window.</doc>
<status status="PASS" starttime="20231226 14:11:31.481" endtime="20231226 14:11:31.616"/>
</kw>
<kw name="Go To" library="SeleniumLibrary">
<arg>${url}</arg>
<doc>Navigates the current browser window to the provided ``url``.</doc>
<msg timestamp="20231226 14:11:31.617" level="INFO">Opening url 'https://www.irctc.co.in/'</msg>
<status status="PASS" starttime="20231226 14:11:31.616" endtime="20231226 14:11:34.398"/>
</kw>
<status status="PASS" starttime="20231226 14:11:29.481" endtime="20231226 14:11:34.398"/>
</kw>
<status status="PASS" starttime="20231226 14:11:29.478" endtime="20231226 14:11:34.398"/>
</kw>
<test id="s1-t1" name="User should login to irctc portal" line="10">
<kw name="Login irctc portal" library="homepage">
<kw name="Wait Until Element Is Enabled" library="SeleniumLibrary">
<arg>${login_button}</arg>
<doc>Waits until the element ``locator`` is enabled.</doc>
<status status="PASS" starttime="20231226 14:11:34.398" endtime="20231226 14:11:34.478"/>
</kw>
<kw name="Click Element" library="SeleniumLibrary">
<arg>${login_button}</arg>
<doc>Click the element identified by ``locator``.</doc>
<msg timestamp="20231226 14:11:34.481" level="INFO">Clicking element '//a[contains(text(),'LOGIN')]'.</msg>
<status status="PASS" starttime="20231226 14:11:34.481" endtime="20231226 14:11:34.673"/>
</kw>
<kw name="Wait Until Element Is Enabled" library="SeleniumLibrary">
<arg>${user_name}</arg>
<doc>Waits until the element ``locator`` is enabled.</doc>
<status status="PASS" starttime="20231226 14:11:34.679" endtime="20231226 14:11:34.866"/>
</kw>
<kw name="Input Text" library="SeleniumLibrary">
<arg>${user_name}</arg>
<arg>davshakya</arg>
<doc>Types the given ``text`` into the text field identified by ``locator``.</doc>
<msg timestamp="20231226 14:11:34.866" level="INFO">Typing text 'davshakya' into text field '//input[@placeholder='User Name']'.</msg>
<status status="PASS" starttime="20231226 14:11:34.866" endtime="20231226 14:11:35.976"/>
</kw>
<kw name="Input Text" library="SeleniumLibrary">
<arg>${password}</arg>
<arg>Ranjana21#</arg>
<doc>Types the given ``text`` into the text field identified by ``locator``.</doc>
<msg timestamp="20231226 14:11:35.976" level="INFO">Typing text 'Ranjana21#' into text field '//input[@placeholder='Password']'.</msg>
<status status="PASS" starttime="20231226 14:11:35.976" endtime="20231226 14:11:37.035"/>
</kw>
<status status="PASS" starttime="20231226 14:11:34.398" endtime="20231226 14:11:37.035"/>
</kw>
<status status="PASS" starttime="20231226 14:11:34.398" endtime="20231226 14:11:37.035"/>
</test>
<kw name="Close Browser" library="SeleniumLibrary" type="TEARDOWN">
<doc>Closes the current browser.</doc>
<status status="PASS" starttime="20231226 14:11:37.035" endtime="20231226 14:11:39.349"/>
</kw>
<status status="PASS" starttime="20231226 14:11:28.288" endtime="20231226 14:11:39.349"/>
</suite>
<statistics>
<total>
<stat pass="1" fail="0" skip="0">All Tests</stat>
</total>
<tag>
</tag>
<suite>
<stat pass="1" fail="0" skip="0" id="s1" name="Homepage">Homepage</stat>
</suite>
</statistics>
<errors>
<msg timestamp="20231226 14:11:28.490" level="ERROR">Error in file 'd:\Dev_Progs\irctc_projecct_robot\resource_files\basetest.resource' on line 3: Importing library 'RPA.Windows' failed: ModuleNotFoundError: No module named 'RPA'
Traceback (most recent call last):
  None
PYTHONPATH:
  c:\Users\davsh\.vscode\extensions\robocorp.robotframework-lsp-1.11.0\src\robotframework_debug_adapter
  D:\Dev_Progs\irctc_projecct_robot
  c:\Users\davsh\.vscode\extensions\robocorp.robotframework-lsp-1.11.0\src
  c:\Users\davsh\.vscode\extensions\robocorp.robotframework-lsp-1.11.0\src\robotframework_ls\vendored
  C:\Users\davsh\AppData\Local\Programs\Python\Python39\python39.zip
  C:\Users\davsh\AppData\Local\Programs\Python\Python39\DLLs
  C:\Users\davsh\AppData\Local\Programs\Python\Python39\lib
  C:\Users\davsh\AppData\Local\Programs\Python\Python39
  d:\Dev_Progs\irctc_projecct_robot\venv
  d:\Dev_Progs\irctc_projecct_robot\venv\lib\site-packages
  d:\Dev_Progs\irctc_projecct_robot\venv\lib\site-packages\win32
  d:\Dev_Progs\irctc_projecct_robot\venv\lib\site-packages\win32\lib
  d:\Dev_Progs\irctc_projecct_robot\venv\lib\site-packages\Pythonwin</msg>
<msg timestamp="20231226 14:11:29.459" level="ERROR">Error in file 'd:\Dev_Progs\irctc_projecct_robot\resource_files\GlobalLibrary.resource' on line 32: Importing library 'd:\Dev_Progs\irctc_projecct_robot\test_utils\test_utils.py' failed: ModuleNotFoundError: No module named 'pytest'
Traceback (most recent call last):
  File "d:\Dev_Progs\irctc_projecct_robot\test_utils\test_utils.py", line 19, in &lt;module&gt;
    import pytest
PYTHONPATH:
  d:\Dev_Progs\irctc_projecct_robot\test_utils
  c:\Users\davsh\.vscode\extensions\robocorp.robotframework-lsp-1.11.0\src\robotframework_debug_adapter
  D:\Dev_Progs\irctc_projecct_robot
  c:\Users\davsh\.vscode\extensions\robocorp.robotframework-lsp-1.11.0\src
  c:\Users\davsh\.vscode\extensions\robocorp.robotframework-lsp-1.11.0\src\robotframework_ls\vendored
  C:\Users\davsh\AppData\Local\Programs\Python\Python39\python39.zip
  C:\Users\davsh\AppData\Local\Programs\Python\Python39\DLLs
  C:\Users\davsh\AppData\Local\Programs\Python\Python39\lib
  C:\Users\davsh\AppData\Local\Programs\Python\Python39
  d:\Dev_Progs\irctc_projecct_robot\venv
  d:\Dev_Progs\irctc_projecct_robot\venv\lib\site-packages
  d:\Dev_Progs\irctc_projecct_robot\venv\lib\site-packages\win32
  d:\Dev_Progs\irctc_projecct_robot\venv\lib\site-packages\win32\lib
  d:\Dev_Progs\irctc_projecct_robot\venv\lib\site-packages\Pythonwin</msg>
</errors>
</robot>
